<?xml version="1.0" encoding="UTF-8"?>
<!-- Generated by org.testng.reporters.JUnitXMLReporter -->
<testsuite ignored="2" hostname="DESKTOP-3EITVAF" failures="0" tests="2" name="Test" time="0.071" errors="0" timestamp="2022-08-29T15:39:08 IST">
  <testcase classname="Practice.twoTest" name="secondTest" time="0.007"/>
  <testcase classname="Practice.fourTest" name="fourthTest" time="0.002"/>
  <testcase classname="Practice.Base" name="@AfterSuite AS" time="0.0">
    <ignored/>
  </testcase> <!-- @AfterSuite AS -->
  <testcase classname="Practice.Base" name="@BeforeSuite BS" time="0.0">
    <ignored/>
  </testcase> <!-- @BeforeSuite BS -->
</testsuite> <!-- Test -->
