<?xml version="1.0" encoding="UTF-8"?>
<testng-results ignored="2" total="4" passed="2" failed="0" skipped="0">
  <reporter-output>
  </reporter-output>
  <suite started-at="2022-08-29T15:39:08 IST" name="Suite" finished-at="2022-08-29T15:39:08 IST" duration-ms="71">
    <groups>
      <group name="smoke">
        <method signature="fourTest.fourthTest()[pri:0, instance:Practice.fourTest@3232a28a]" name="fourthTest" class="Practice.fourTest"/>
        <method signature="twoTest.secondTest()[pri:0, instance:Practice.twoTest@16610890]" name="secondTest" class="Practice.twoTest"/>
      </group> <!-- smoke -->
    </groups>
    <test started-at="2022-08-29T15:39:08 IST" name="Test" finished-at="2022-08-29T15:39:08 IST" duration-ms="71">
      <class name="Practice.twoTest">
        <test-method is-config="true" signature="BS()[pri:0, instance:Practice.twoTest@16610890]" started-at="2022-08-29T15:39:08 IST" name="BS" finished-at="2022-08-29T15:39:08 IST" duration-ms="10" status="PASS">
          <reporter-output>
          </reporter-output>
        </test-method> <!-- BS -->
        <test-method is-config="true" signature="BC()[pri:0, instance:Practice.twoTest@16610890]" started-at="2022-08-29T15:39:08 IST" name="BC" finished-at="2022-08-29T15:39:08 IST" duration-ms="0" status="PASS">
          <reporter-output>
          </reporter-output>
        </test-method> <!-- BC -->
        <test-method is-config="true" signature="BM()[pri:0, instance:Practice.twoTest@16610890]" started-at="2022-08-29T15:39:08 IST" name="BM" finished-at="2022-08-29T15:39:08 IST" duration-ms="0" status="PASS">
          <reporter-output>
          </reporter-output>
        </test-method> <!-- BM -->
        <test-method signature="secondTest()[pri:0, instance:Practice.twoTest@16610890]" started-at="2022-08-29T15:39:08 IST" name="secondTest" finished-at="2022-08-29T15:39:08 IST" duration-ms="7" status="PASS">
          <reporter-output>
          </reporter-output>
        </test-method> <!-- secondTest -->
        <test-method is-config="true" signature="AM()[pri:0, instance:Practice.twoTest@16610890]" started-at="2022-08-29T15:39:08 IST" name="AM" finished-at="2022-08-29T15:39:08 IST" duration-ms="1" status="PASS">
          <reporter-output>
          </reporter-output>
        </test-method> <!-- AM -->
        <test-method is-config="true" signature="AC()[pri:0, instance:Practice.twoTest@16610890]" started-at="2022-08-29T15:39:08 IST" name="AC" finished-at="2022-08-29T15:39:08 IST" duration-ms="1" status="PASS">
          <reporter-output>
          </reporter-output>
        </test-method> <!-- AC -->
        <test-method is-config="true" signature="AS()[pri:0, instance:Practice.twoTest@16610890]" started-at="2022-08-29T15:39:08 IST" name="AS" finished-at="2022-08-29T15:39:08 IST" duration-ms="1" status="PASS">
          <reporter-output>
          </reporter-output>
        </test-method> <!-- AS -->
      </class> <!-- Practice.twoTest -->
      <class name="Practice.fourTest">
        <test-method is-config="true" signature="BC()[pri:0, instance:Practice.fourTest@3232a28a]" started-at="2022-08-29T15:39:08 IST" name="BC" finished-at="2022-08-29T15:39:08 IST" duration-ms="0" status="PASS">
          <reporter-output>
          </reporter-output>
        </test-method> <!-- BC -->
        <test-method is-config="true" signature="BM()[pri:0, instance:Practice.fourTest@3232a28a]" started-at="2022-08-29T15:39:08 IST" name="BM" finished-at="2022-08-29T15:39:08 IST" duration-ms="0" status="PASS">
          <reporter-output>
          </reporter-output>
        </test-method> <!-- BM -->
        <test-method signature="fourthTest()[pri:0, instance:Practice.fourTest@3232a28a]" started-at="2022-08-29T15:39:08 IST" name="fourthTest" finished-at="2022-08-29T15:39:08 IST" duration-ms="2" status="PASS">
          <reporter-output>
          </reporter-output>
        </test-method> <!-- fourthTest -->
        <test-method is-config="true" signature="AM()[pri:0, instance:Practice.fourTest@3232a28a]" started-at="2022-08-29T15:39:08 IST" name="AM" finished-at="2022-08-29T15:39:08 IST" duration-ms="2" status="PASS">
          <reporter-output>
          </reporter-output>
        </test-method> <!-- AM -->
        <test-method is-config="true" signature="AC()[pri:0, instance:Practice.fourTest@3232a28a]" started-at="2022-08-29T15:39:08 IST" name="AC" finished-at="2022-08-29T15:39:08 IST" duration-ms="2" status="PASS">
          <reporter-output>
          </reporter-output>
        </test-method> <!-- AC -->
      </class> <!-- Practice.fourTest -->
    </test> <!-- Test -->
  </suite> <!-- Suite -->
</testng-results>
